<?xml version="1.0" encoding="UTF-8"?>
<!-- Generated by org.testng.reporters.JUnitReportReporter -->
<testsuite hostname="fabio-PC" name="TestSeleniumNG.testsecond" tests="2" failures="0" timestamp="13 Jun 2016 08:17:31 GMT" time="3.560" errors="0">
  <testcase name="ridango" time="2.633" classname="TestSeleniumNG.testsecond"/>
  <testcase name="ridango2" time="0.927" classname="TestSeleniumNG.testsecond"/>
</testsuite> <!-- TestSeleniumNG.testsecond -->
